0 info it worked if it ends with ok
1 verbose cli [ '/Users/rahadiankumang/.nvm/versions/node/v5.1.0/bin/node',
1 verbose cli   '/Users/rahadiankumang/.nvm/versions/node/v5.1.0/bin/npm',
1 verbose cli   'start' ]
2 info using npm@3.9.5
3 info using node@v5.1.0
4 verbose run-script [ 'prestart', 'start', 'poststart' ]
5 info lifecycle bike_antik@0.0.0~prestart: bike_antik@0.0.0
6 silly lifecycle bike_antik@0.0.0~prestart: no script for prestart, continuing
7 info lifecycle bike_antik@0.0.0~start: bike_antik@0.0.0
8 verbose lifecycle bike_antik@0.0.0~start: unsafe-perm in lifecycle true
9 verbose lifecycle bike_antik@0.0.0~start: PATH: /Users/rahadiankumang/.nvm/versions/node/v5.1.0/lib/node_modules/npm/bin/node-gyp-bin:/Users/rahadiankumang/Codes/GITS/bike666/node_modules/.bin:/Users/rahadiankumang/.nvm/versions/node/v5.1.0/bin:/Users/rahadiankumang/.nvm/versions/node/v5.1.0/bin:/Users/rahadiankumang/Documents/GITS/Cocos2d-x/android-ndk-r10d:/Users/rahadiankumang/Documents/GITS/Cocos2d-x/apache-ant-1.9.4/bin:/Users/rahadiankumang/Library/Android/sdk/tools:/Users/rahadiankumang/Library/Android/sdk/platform-tools:/Users/rahadiankumang/Library/Android/sdk:/Users/rahadiankumang/Documents/GITS/Cocos2d-x/cocos2d-x-3.3/templates:/Users/rahadiankumang/Documents/GITS/Cocos2d-x/cocos2d-x-3.3:/Users/rahadiankumang/Documents/GITS/Cocos2d-x/cocos2d-x-3.3/tools/cocos2d-console/bin:/usr/local/bin:/Volumes/KUMANG2A/rahadiankumang/.composer/vendor/bin/:/usr/bin:/usr/sbin:/bin:/sbin
10 verbose lifecycle bike_antik@0.0.0~start: CWD: /Users/rahadiankumang/Codes/GITS/bike666
11 silly lifecycle bike_antik@0.0.0~start: Args: [ '-c', 'main.js' ]
12 info lifecycle bike_antik@0.0.0~start: Failed to exec start script
13 verbose stack Error: bike_antik@0.0.0 start: `main.js`
13 verbose stack spawn ENOENT
13 verbose stack     at ChildProcess.<anonymous> (/Users/rahadiankumang/.nvm/versions/node/v5.1.0/lib/node_modules/npm/lib/utils/spawn.js:17:16)
13 verbose stack     at emitTwo (events.js:87:13)
13 verbose stack     at ChildProcess.emit (events.js:172:7)
13 verbose stack     at maybeClose (internal/child_process.js:818:16)
13 verbose stack     at Process.ChildProcess._handle.onexit (internal/child_process.js:211:5)
14 verbose pkgid bike_antik@0.0.0
15 verbose cwd /Users/rahadiankumang/Codes/GITS/bike666
16 error Darwin 15.4.0
17 error argv "/Users/rahadiankumang/.nvm/versions/node/v5.1.0/bin/node" "/Users/rahadiankumang/.nvm/versions/node/v5.1.0/bin/npm" "start"
18 error node v5.1.0
19 error npm  v3.9.5
20 error file sh
21 error code ELIFECYCLE
22 error errno ENOENT
23 error syscall spawn
24 error bike_antik@0.0.0 start: `main.js`
24 error spawn ENOENT
25 error Failed at the bike_antik@0.0.0 start script 'main.js'.
25 error Make sure you have the latest version of node.js and npm installed.
25 error If you do, this is most likely a problem with the bike_antik package,
25 error not with npm itself.
25 error Tell the author that this fails on your system:
25 error     main.js
25 error You can get information on how to open an issue for this project with:
25 error     npm bugs bike_antik
25 error Or if that isn't available, you can get their info via:
25 error     npm owner ls bike_antik
25 error There is likely additional logging output above.
26 verbose exit [ 1, true ]
